2025-07-17 23:30:13,247 - src.data.make_dataset - INFO - Starting time-series data loading from C:\Users\hp\OneDrive\Desktop\ongc ai model\POWER-BI-BOT\data\raw
2025-07-17 23:30:13,247 - src.data.make_dataset - INFO - Found 5 files to process: ['EQUI_01.04.2000 TO 31.03.2005.xlsx', 'EQUI_01.04.2005 TO 31.03.2010.xlsx', 'EQUI_01.04.2010 TO 31.03.2015.xlsx', 'EQUI_01.04.2015 TO 31.03.2020.xlsx', 'EQUI_01.04.2020 TO 31.03.2025.xlsx']
2025-07-17 23:30:13,247 - src.data.make_dataset - INFO - Processing file: EQUI_01.04.2000 TO 31.03.2005.xlsx
2025-07-17 23:33:14,390 - src.data.make_dataset - INFO - Loaded EQUI_01.04.2000 TO 31.03.2005.xlsx: (153988, 103)
2025-07-17 23:33:17,736 - src.data.make_dataset - INFO - Successfully processed EQUI_01.04.2000 TO 31.03.2005.xlsx: (153988, 107)
2025-07-17 23:33:17,740 - src.data.make_dataset - INFO - Processing file: EQUI_01.04.2005 TO 31.03.2010.xlsx
2025-07-17 23:37:42,324 - src.data.make_dataset - INFO - Loaded EQUI_01.04.2005 TO 31.03.2010.xlsx: (211454, 103)
2025-07-17 23:37:46,290 - src.data.make_dataset - INFO - Successfully processed EQUI_01.04.2005 TO 31.03.2010.xlsx: (211454, 107)
2025-07-17 23:37:46,290 - src.data.make_dataset - INFO - Processing file: EQUI_01.04.2010 TO 31.03.2015.xlsx
2025-07-17 23:41:09,596 - src.data.make_dataset - INFO - Loaded EQUI_01.04.2010 TO 31.03.2015.xlsx: (161771, 103)
2025-07-17 23:41:13,160 - src.data.make_dataset - INFO - Successfully processed EQUI_01.04.2010 TO 31.03.2015.xlsx: (161771, 107)
2025-07-17 23:41:13,160 - src.data.make_dataset - INFO - Processing file: EQUI_01.04.2015 TO 31.03.2020.xlsx
2025-07-17 23:44:52,023 - src.data.make_dataset - INFO - Loaded EQUI_01.04.2015 TO 31.03.2020.xlsx: (183714, 103)
2025-07-17 23:44:55,622 - src.data.make_dataset - INFO - Successfully processed EQUI_01.04.2015 TO 31.03.2020.xlsx: (183714, 107)
2025-07-17 23:44:55,622 - src.data.make_dataset - INFO - Processing file: EQUI_01.04.2020 TO 31.03.2025.xlsx
2025-07-17 23:48:03,687 - src.data.make_dataset - INFO - Loaded EQUI_01.04.2020 TO 31.03.2025.xlsx: (163399, 103)
2025-07-17 23:48:07,083 - src.data.make_dataset - INFO - Successfully processed EQUI_01.04.2020 TO 31.03.2025.xlsx: (163399, 107)
2025-07-17 23:48:07,083 - src.data.make_dataset - INFO - Concatenating all dataframes vertically (time-series approach)
2025-07-17 23:48:08,506 - src.data.make_dataset - INFO - Successfully concatenated all files. Final shape: (874326, 107)
2025-07-17 23:48:08,514 - src.data.make_dataset - INFO - Total equipment records across all periods: 874326
2025-07-17 23:48:08,514 - src.data.make_dataset - INFO - Concatenated Dataset Info:
2025-07-17 23:48:08,514 - src.data.make_dataset - INFO -   Shape: (874326, 107)
2025-07-17 23:48:13,545 - src.data.make_dataset - INFO -   Memory usage: 1400.20 MB
2025-07-17 23:48:13,545 - src.data.make_dataset - INFO -   Columns: ['cl', 'equipment', 'equipment_description', 'created_on', 'created_by', 'l', 'chngd_on', 'changed_by', 'agrp', 'c', 'objecttype', 'sap_development_reserve_format_char_le', 'inventory_number', 'size_dimension', 'weight', 'un', 'date', 'acquisition_value', 'crcy', 'vendor', 'wtyend', 'guarantdat', 'replval', 'manufacturer_of_asset', 'm_c_r', 'manufacturer_drawing_number', 'manufacturer_s_serial_number', 'model_number', 'cony', 'cm', 'te', 'deldate', 'start_from', 'serial_number', 'ecn', 'warranty', 'date_1', 'note', 'field', 'object_number', 'number', 'object_no', 'r', 'config_material', 'material', 'serial_number_1', 'plnt', 'sloc', 'batch', 'curcustomer', 'mntplan', 'measpoint', 'revlev', 'master_warranty', 'o', 'equi_data', 'sd', 'c_1', 's', 'p', 'other', 'isu', 'eqsi', 'fleetobj', 'stkck', 'dv', 'handle', 'template', 'mpn_material', 'change_equipment_master_from_asset', 'configuration_control_data', 'date_of_last_goods_movemnt', 'unique_item_identifier', 'iuid_type', 'plant_responsible_for_uii', 'short_form_of_time_stamp', 'end_of_use', 'dummy', 'append_dfps_actve', 'shift_report_type', 'notif_type_of_shift_note', 'logbk_duty', 'hide_logbook', 'plan_ind', 'c_dequi', 'proc_type', 'itm_mltprt', 'mpg', 'fic', 'doc_cat_allowed', 'bun', 'un_loadcosts', 'provision_fee', 'own_ext', 'ums', 'plate_no', 'ss', 'sp', 'pgrp', 'class', 'description_of_technical_object', 'l_1', 'p_1', 'data_source_file', 'period_start', 'period_end', 'period_label']
2025-07-17 23:48:13,557 - src.data.make_dataset - INFO -   Data types: {dtype('float32'): 56, dtype('O'): 26, CategoricalDtype(categories=['X'], ordered=False, categories_dtype=object): 8, dtype('<M8[ns]'): 5, dtype('int8'): 4, CategoricalDtype(categories=['E'], ordered=False, categories_dtype=object): 1, dtype('int32'): 1, dtype('int16'): 1, dtype('float64'): 1, CategoricalDtype(categories=['52D1'], ordered=False, categories_dtype=object): 1, CategoricalDtype(categories=['D', 'H', 'R'], ordered=False, categories_dtype=object): 1, CategoricalDtype(categories=['SR'], ordered=False, categories_dtype=object): 1, CategoricalDtype(categories=['SN'], ordered=False, categories_dtype=object): 1}
2025-07-17 23:48:14,701 - src.data.make_dataset - INFO -   Missing values: 70834928
2025-07-17 23:48:20,101 - src.data.make_dataset - INFO -   Duplicate rows: 0
2025-07-17 23:49:27,444 - src.data.make_dataset - INFO - Starting enhanced cleaning and imputation
2025-07-17 23:49:27,460 - src.data.make_dataset - INFO - Data validation results: {'total_rows': 1000, 'total_columns': 105, 'duplicate_rows': np.int64(0), 'missing_values_total': np.int64(76720), 'missing_values_by_column': {'cl': 0, 'equipment': 0, 'equipment_description': 0, 'created_on': 0, 'created_by': 0, 'l': 0, 'chngd_on': 63, 'changed_by': 63, 'agrp': 918, 'c': 0, 'objecttype': 0, 'sap_development_reserve_format_char_le': 1000, 'inventory_number': 737, 'size_dimension': 999, 'weight': 0, 'un': 1000, 'date': 995, 'acquisition_value': 0, 'crcy': 999, 'vendor': 1000, 'wtyend': 1000, 'guarantdat': 1000, 'replval': 0, 'manufacturer_of_asset': 244, 'm_c_r': 941, 'manufacturer_drawing_number': 1000, 'manufacturer_s_serial_number': 230, 'model_number': 619, 'cony': 954, 'cm': 975, 'te': 1000, 'deldate': 1000, 'start_from': 0, 'serial_number': 1000, 'ecn': 0, 'warranty': 1000, 'date_1': 1000, 'note': 0, 'field': 0, 'object_number': 0, 'number': 1000, 'object_no': 0, 'r': 1000, 'config_material': 1000, 'material': 1000, 'serial_number_1': 1000, 'plnt': 1000, 'sloc': 1000, 'batch': 1000, 'curcustomer': 1000, 'mntplan': 1000, 'measpoint': 1000, 'revlev': 1000, 'master_warranty': 1000, 'o': 0, 'equi_data': 0, 'sd': 1000, 'c_1': 1000, 's': 1000, 'p': 1000, 'other': 1000, 'isu': 1000, 'eqsi': 1000, 'fleetobj': 1000, 'stkck': 1000, 'dv': 1000, 'handle': 1000, 'template': 1000, 'mpn_material': 1000, 'change_equipment_master_from_asset': 1000, 'configuration_control_data': 1000, 'date_of_last_goods_movemnt': 1000, 'unique_item_identifier': 1000, 'iuid_type': 1000, 'plant_responsible_for_uii': 1000, 'short_form_of_time_stamp': 0, 'end_of_use': 989, 'dummy': 1000, 'append_dfps_actve': 1000, 'shift_report_type': 1000, 'notif_type_of_shift_note': 1000, 'logbk_duty': 1000, 'hide_logbook': 1000, 'plan_ind': 1000, 'c_dequi': 1000, 'proc_type': 1000, 'itm_mltprt': 1000, 'mpg': 1000, 'fic': 1000, 'doc_cat_allowed': 1000, 'bun': 1000, 'un_loadcosts': 1000, 'provision_fee': 1000, 'own_ext': 1000, 'ums': 1000, 'plate_no': 1000, 'ss': 1000, 'sp': 1000, 'pgrp': 1000, 'class': 1000, 'description_of_technical_object': 0, 'l_1': 994, 'p_1': 0, 'data_source_file': 0, 'period_label': 0}, 'empty_columns': ['sap_development_reserve_format_char_le', 'un', 'vendor', 'wtyend', 'guarantdat', 'manufacturer_drawing_number', 'te', 'deldate', 'serial_number', 'warranty', 'date_1', 'number', 'r', 'config_material', 'material', 'serial_number_1', 'plnt', 'sloc', 'batch', 'curcustomer', 'mntplan', 'measpoint', 'revlev', 'master_warranty', 'sd', 'c_1', 's', 'p', 'other', 'isu', 'eqsi', 'fleetobj', 'stkck', 'dv', 'handle', 'template', 'mpn_material', 'change_equipment_master_from_asset', 'configuration_control_data', 'date_of_last_goods_movemnt', 'unique_item_identifier', 'iuid_type', 'plant_responsible_for_uii', 'dummy', 'append_dfps_actve', 'shift_report_type', 'notif_type_of_shift_note', 'logbk_duty', 'hide_logbook', 'plan_ind', 'c_dequi', 'proc_type', 'itm_mltprt', 'mpg', 'fic', 'doc_cat_allowed', 'bun', 'un_loadcosts', 'provision_fee', 'own_ext', 'ums', 'plate_no', 'ss', 'sp', 'pgrp', 'class'], 'data_types': {'cl': dtype('int64'), 'equipment': dtype('int64'), 'equipment_description': dtype('O'), 'created_on': dtype('<M8[ns]'), 'created_by': dtype('O'), 'l': dtype('O'), 'chngd_on': dtype('<M8[ns]'), 'changed_by': dtype('O'), 'agrp': dtype('float64'), 'c': dtype('O'), 'objecttype': dtype('O'), 'sap_development_reserve_format_char_le': dtype('float64'), 'inventory_number': dtype('O'), 'size_dimension': dtype('O'), 'weight': dtype('int64'), 'un': dtype('float64'), 'date': dtype('<M8[ns]'), 'acquisition_value': dtype('int64'), 'crcy': dtype('O'), 'vendor': dtype('float64'), 'wtyend': dtype('float64'), 'guarantdat': dtype('float64'), 'replval': dtype('int64'), 'manufacturer_of_asset': dtype('O'), 'm_c_r': dtype('O'), 'manufacturer_drawing_number': dtype('float64'), 'manufacturer_s_serial_number': dtype('O'), 'model_number': dtype('O'), 'cony': dtype('float64'), 'cm': dtype('float64'), 'te': dtype('float64'), 'deldate': dtype('float64'), 'start_from': dtype('<M8[ns]'), 'serial_number': dtype('float64'), 'ecn': dtype('int64'), 'warranty': dtype('float64'), 'date_1': dtype('float64'), 'note': dtype('O'), 'field': dtype('int64'), 'object_number': dtype('O'), 'number': dtype('float64'), 'object_no': dtype('int64'), 'r': dtype('float64'), 'config_material': dtype('float64'), 'material': dtype('float64'), 'serial_number_1': dtype('float64'), 'plnt': dtype('float64'), 'sloc': dtype('float64'), 'batch': dtype('float64'), 'curcustomer': dtype('float64'), 'mntplan': dtype('float64'), 'measpoint': dtype('float64'), 'revlev': dtype('float64'), 'master_warranty': dtype('float64'), 'o': dtype('O'), 'equi_data': dtype('O'), 'sd': dtype('float64'), 'c_1': dtype('float64'), 's': dtype('float64'), 'p': dtype('float64'), 'other': dtype('float64'), 'isu': dtype('float64'), 'eqsi': dtype('float64'), 'fleetobj': dtype('float64'), 'stkck': dtype('float64'), 'dv': dtype('float64'), 'handle': dtype('float64'), 'template': dtype('float64'), 'mpn_material': dtype('float64'), 'change_equipment_master_from_asset': dtype('float64'), 'configuration_control_data': dtype('float64'), 'date_of_last_goods_movemnt': dtype('float64'), 'unique_item_identifier': dtype('float64'), 'iuid_type': dtype('float64'), 'plant_responsible_for_uii': dtype('float64'), 'short_form_of_time_stamp': dtype('O'), 'end_of_use': dtype('<M8[ns]'), 'dummy': dtype('float64'), 'append_dfps_actve': dtype('float64'), 'shift_report_type': dtype('float64'), 'notif_type_of_shift_note': dtype('float64'), 'logbk_duty': dtype('float64'), 'hide_logbook': dtype('float64'), 'plan_ind': dtype('float64'), 'c_dequi': dtype('float64'), 'proc_type': dtype('float64'), 'itm_mltprt': dtype('float64'), 'mpg': dtype('float64'), 'fic': dtype('float64'), 'doc_cat_allowed': dtype('float64'), 'bun': dtype('float64'), 'un_loadcosts': dtype('float64'), 'provision_fee': dtype('float64'), 'own_ext': dtype('float64'), 'ums': dtype('float64'), 'plate_no': dtype('float64'), 'ss': dtype('float64'), 'sp': dtype('float64'), 'pgrp': dtype('float64'), 'class': dtype('float64'), 'description_of_technical_object': dtype('O'), 'l_1': dtype('O'), 'p_1': dtype('O'), 'data_source_file': dtype('O'), 'period_label': dtype('O')}, 'duplicate_ids': np.int64(0), 'missing_ids': np.int64(0)}
2025-07-17 23:49:27,471 - src.data.make_dataset - INFO - Removed 0 exact duplicate rows
2025-07-17 23:49:27,483 - src.data.make_dataset - INFO - Dropped 75 columns with >90% missing values: ['agrp', 'sap_development_reserve_format_char_le', 'size_dimension', 'un', 'date', 'crcy', 'vendor', 'wtyend', 'guarantdat', 'm_c_r', 'manufacturer_drawing_number', 'cony', 'cm', 'te', 'deldate', 'serial_number', 'warranty', 'date_1', 'number', 'r', 'config_material', 'material', 'serial_number_1', 'plnt', 'sloc', 'batch', 'curcustomer', 'mntplan', 'measpoint', 'revlev', 'master_warranty', 'sd', 'c_1', 's', 'p', 'other', 'isu', 'eqsi', 'fleetobj', 'stkck', 'dv', 'handle', 'template', 'mpn_material', 'change_equipment_master_from_asset', 'configuration_control_data', 'date_of_last_goods_movemnt', 'unique_item_identifier', 'iuid_type', 'plant_responsible_for_uii', 'end_of_use', 'dummy', 'append_dfps_actve', 'shift_report_type', 'notif_type_of_shift_note', 'logbk_duty', 'hide_logbook', 'plan_ind', 'c_dequi', 'proc_type', 'itm_mltprt', 'mpg', 'fic', 'doc_cat_allowed', 'bun', 'un_loadcosts', 'provision_fee', 'own_ext', 'ums', 'plate_no', 'ss', 'sp', 'pgrp', 'class', 'l_1']
2025-07-17 23:49:27,487 - src.data.make_dataset - INFO - Parsed date column: created_by
2025-07-17 23:49:27,493 - src.data.make_dataset - INFO - Parsed date column: changed_by
2025-07-17 23:49:27,575 - src.data.make_dataset - INFO - Processing Step: Enhanced Cleaning and Imputation
2025-07-17 23:49:27,575 - src.data.make_dataset - INFO -   Shape change: (1000, 105) -> (1000, 30)
2025-07-17 23:49:27,575 - src.data.make_dataset - INFO -   Rows: +0, Columns: -75
2025-07-17 23:49:27,575 - src.data.make_dataset - INFO - Cleaned Dataset Info:
2025-07-17 23:49:27,575 - src.data.make_dataset - INFO -   Shape: (1000, 30)
2025-07-17 23:49:27,584 - src.data.make_dataset - INFO -   Memory usage: 0.42 MB
2025-07-17 23:49:27,584 - src.data.make_dataset - INFO -   Columns: ['cl', 'equipment', 'equipment_description', 'created_on', 'created_by', 'l', 'chngd_on', 'changed_by', 'c', 'objecttype', 'inventory_number', 'weight', 'acquisition_value', 'replval', 'manufacturer_of_asset', 'manufacturer_s_serial_number', 'model_number', 'start_from', 'ecn', 'note', 'field', 'object_number', 'object_no', 'o', 'equi_data', 'short_form_of_time_stamp', 'description_of_technical_object', 'p_1', 'data_source_file', 'period_label']
2025-07-17 23:49:27,587 - src.data.make_dataset - INFO -   Data types: {dtype('int8'): 6, dtype('<M8[ns]'): 5, dtype('O'): 4, CategoricalDtype(categories=['X'], ordered=False, categories_dtype=object): 2, dtype('int16'): 1, CategoricalDtype(categories=['E'], ordered=False, categories_dtype=object): 1, CategoricalDtype(categories=['M'], ordered=False, categories_dtype=object): 1, CategoricalDtype(categories=['EQEMOV', 'EQEO', 'EQERGD', 'EQERM', 'EQERMA', 'EQERMD',
                  'EQMO', 'EQMRA', 'EQMRB', 'EQMRC', 'EQMRCC', 'EQMRCR',
                  'EQMRF', 'EQMRP', 'EQMRPC', 'EQMRPP', 'EQMRPR', 'EQMSV'],
, ordered=False, categories_dtype=object): 1, dtype('int32'): 1, CategoricalDtype(categories=['0A01C-M', '10000318', '10000411', '100A01A-M', '100A01B-M',
                  '100A02A-M', '100A02B-M', '100A03A-M', '100A03B-M',
                  '100A04A-M',
                  ...
                  '22X205C-M', '23K201 LOP-M', '23P206A-M', '23P206B-M',
                  '23P208A-M', '23P208B-M', '23X205A-M', '23X205B-M',
                  '23X205C-M', 'Unknown'],
, ordered=False, categories_dtype=object): 1, CategoricalDtype(categories=[' Kirloskar', '10000620', 'ABANAKI', 'AEJ22259', 'AKAY',
                  'AKAY CHEMFLO', 'AKAY INDUSTRIES PVT. LTD.,',
                  'AKAY PUMPS LTD.', 'BHARAT BIJLEE',
                  'BHARAT PUMPS & COMPRESSORS LTD',
                  ...
                  'STROM CRAFT CONTROLS', 'SULZER', 'SULZER AG. GERMANY',
                  'SWELLORE', 'TRAIVENI VACUUM TECHNOLOGY',
                  'V.K. Pumps Ind. Pvt. Ltd.', 'VK PUMPS', 'VOLTAS',
                  'WATANBE MFG. CO. LTD.', 'kHIMLINE PUMPS LTD'],
, ordered=False, categories_dtype=object): 1, CategoricalDtype(categories=['!Z!IE01  !46C041!030919!CPM_AP'], ordered=False, categories_dtype=object): 1, CategoricalDtype(categories=['"8""/8"" SR 6 KL 60"', '"A-336 (63-10 SIZE 2',
                  '"A-45, 1 HP"', '"CPC 65/160, SIZE 10',
                  '"ELECON 3""FSM 70:1"', '"ELECON 4"" FSM 70:1',
                  '"TCH+N 25/180, SIZE', '"TCH+V080/230,2611"', '"TOTE 4"""',
                  '100-160',
                  ...
                  'W 2.1 K-34', 'WD 1125-8', 'WDD 1125-22', 'WDD 1125/35',
                  'WH 1125 / 19', 'WH 1125/25', 'WH 1125/35', 'WL 65/7 HWD',
                  'WL 80/5', 'ZE-400-7630'],
, ordered=False, categories_dtype=object): 1, CategoricalDtype(categories=['D', 'R'], ordered=False, categories_dtype=object): 1, CategoricalDtype(categories=[           00:00:00, 2025-02-11 10:18:18,
                  2025-02-11 09:58:36, 2025-02-11 09:59:05,
                  2025-02-11 09:57:15, 2025-02-11 09:57:59,
                  2025-02-11 10:03:36, 2025-02-11 10:04:06,
                  2025-02-11 10:04:27, 2025-02-11 10:04:59,
                  2025-02-11 10:05:18, 2025-02-11 10:05:54,
                  2025-02-11 10:07:27, 2025-02-11 10:08:35,
                  2025-02-11 10:09:08, 2025-02-11 10:09:26,
                  2025-02-11 09:55:34, 2025-02-11 09:54:59,
                  2024-03-18 05:18:34, 2024-03-18 05:35:21,
                  2023-09-26 09:09:33, 2023-09-26 09:10:41,
                  2023-11-21 06:48:04, 2023-09-26 12:02:05,
                  2023-11-21 08:09:19, 2023-11-22 07:09:35,
                  2023-11-22 07:11:28, 2023-09-26 09:58:15,
                  2023-11-21 09:40:22, 2023-09-26 09:51:15,
                  2023-09-26 09:53:14, 2023-11-17 10:34:30,
                  2023-11-21 09:44:11, 2023-11-21 09:45:42,
                  2023-11-21 09:48:41, 2023-11-21 09:50:42,
                  2023-11-21 09:52:12, 2023-11-21 09:53:27,
                  2023-11-21 09:55:09, 2023-11-22 05:22:35,
                  2023-11-22 07:19:21, 2023-11-22 07:21:21,
                  2023-11-22 07:22:58, 2023-02-22 04:31:12,
                  2023-09-26 10:15:12, 2023-11-21 10:23:58,
                  2023-09-26 10:02:31, 2023-11-21 11:18:57,
                  2023-11-21 11:22:17, 2023-11-21 11:24:16,
                  2023-11-21 11:30:48, 2023-08-22 12:11:00],
, ordered=False, categories_dtype=object): 1, CategoricalDtype(categories=['test_file.xlsx'], ordered=False, categories_dtype=object): 1, CategoricalDtype(categories=['2000-2005'], ordered=False, categories_dtype=object): 1}
2025-07-17 23:49:27,592 - src.data.make_dataset - INFO -   Missing values: 2053
2025-07-17 23:49:27,592 - src.data.make_dataset - INFO -   Duplicate rows: 0
2025-07-17 23:50:21,292 - src.data.make_dataset - INFO - Starting enhanced cleaning and imputation
2025-07-17 23:50:21,315 - src.data.make_dataset - INFO - Data validation results: {'total_rows': 1000, 'total_columns': 105, 'duplicate_rows': np.int64(0), 'missing_values_total': np.int64(76720), 'missing_values_by_column': {'cl': 0, 'equipment': 0, 'equipment_description': 0, 'created_on': 0, 'created_by': 0, 'l': 0, 'chngd_on': 63, 'changed_by': 63, 'agrp': 918, 'c': 0, 'objecttype': 0, 'sap_development_reserve_format_char_le': 1000, 'inventory_number': 737, 'size_dimension': 999, 'weight': 0, 'un': 1000, 'date': 995, 'acquisition_value': 0, 'crcy': 999, 'vendor': 1000, 'wtyend': 1000, 'guarantdat': 1000, 'replval': 0, 'manufacturer_of_asset': 244, 'm_c_r': 941, 'manufacturer_drawing_number': 1000, 'manufacturer_s_serial_number': 230, 'model_number': 619, 'cony': 954, 'cm': 975, 'te': 1000, 'deldate': 1000, 'start_from': 0, 'serial_number': 1000, 'ecn': 0, 'warranty': 1000, 'date_1': 1000, 'note': 0, 'field': 0, 'object_number': 0, 'number': 1000, 'object_no': 0, 'r': 1000, 'config_material': 1000, 'material': 1000, 'serial_number_1': 1000, 'plnt': 1000, 'sloc': 1000, 'batch': 1000, 'curcustomer': 1000, 'mntplan': 1000, 'measpoint': 1000, 'revlev': 1000, 'master_warranty': 1000, 'o': 0, 'equi_data': 0, 'sd': 1000, 'c_1': 1000, 's': 1000, 'p': 1000, 'other': 1000, 'isu': 1000, 'eqsi': 1000, 'fleetobj': 1000, 'stkck': 1000, 'dv': 1000, 'handle': 1000, 'template': 1000, 'mpn_material': 1000, 'change_equipment_master_from_asset': 1000, 'configuration_control_data': 1000, 'date_of_last_goods_movemnt': 1000, 'unique_item_identifier': 1000, 'iuid_type': 1000, 'plant_responsible_for_uii': 1000, 'short_form_of_time_stamp': 0, 'end_of_use': 989, 'dummy': 1000, 'append_dfps_actve': 1000, 'shift_report_type': 1000, 'notif_type_of_shift_note': 1000, 'logbk_duty': 1000, 'hide_logbook': 1000, 'plan_ind': 1000, 'c_dequi': 1000, 'proc_type': 1000, 'itm_mltprt': 1000, 'mpg': 1000, 'fic': 1000, 'doc_cat_allowed': 1000, 'bun': 1000, 'un_loadcosts': 1000, 'provision_fee': 1000, 'own_ext': 1000, 'ums': 1000, 'plate_no': 1000, 'ss': 1000, 'sp': 1000, 'pgrp': 1000, 'class': 1000, 'description_of_technical_object': 0, 'l_1': 994, 'p_1': 0, 'data_source_file': 0, 'period_label': 0}, 'empty_columns': ['sap_development_reserve_format_char_le', 'un', 'vendor', 'wtyend', 'guarantdat', 'manufacturer_drawing_number', 'te', 'deldate', 'serial_number', 'warranty', 'date_1', 'number', 'r', 'config_material', 'material', 'serial_number_1', 'plnt', 'sloc', 'batch', 'curcustomer', 'mntplan', 'measpoint', 'revlev', 'master_warranty', 'sd', 'c_1', 's', 'p', 'other', 'isu', 'eqsi', 'fleetobj', 'stkck', 'dv', 'handle', 'template', 'mpn_material', 'change_equipment_master_from_asset', 'configuration_control_data', 'date_of_last_goods_movemnt', 'unique_item_identifier', 'iuid_type', 'plant_responsible_for_uii', 'dummy', 'append_dfps_actve', 'shift_report_type', 'notif_type_of_shift_note', 'logbk_duty', 'hide_logbook', 'plan_ind', 'c_dequi', 'proc_type', 'itm_mltprt', 'mpg', 'fic', 'doc_cat_allowed', 'bun', 'un_loadcosts', 'provision_fee', 'own_ext', 'ums', 'plate_no', 'ss', 'sp', 'pgrp', 'class'], 'data_types': {'cl': dtype('int64'), 'equipment': dtype('int64'), 'equipment_description': dtype('O'), 'created_on': dtype('<M8[ns]'), 'created_by': dtype('O'), 'l': dtype('O'), 'chngd_on': dtype('<M8[ns]'), 'changed_by': dtype('O'), 'agrp': dtype('float64'), 'c': dtype('O'), 'objecttype': dtype('O'), 'sap_development_reserve_format_char_le': dtype('float64'), 'inventory_number': dtype('O'), 'size_dimension': dtype('O'), 'weight': dtype('int64'), 'un': dtype('float64'), 'date': dtype('<M8[ns]'), 'acquisition_value': dtype('int64'), 'crcy': dtype('O'), 'vendor': dtype('float64'), 'wtyend': dtype('float64'), 'guarantdat': dtype('float64'), 'replval': dtype('int64'), 'manufacturer_of_asset': dtype('O'), 'm_c_r': dtype('O'), 'manufacturer_drawing_number': dtype('float64'), 'manufacturer_s_serial_number': dtype('O'), 'model_number': dtype('O'), 'cony': dtype('float64'), 'cm': dtype('float64'), 'te': dtype('float64'), 'deldate': dtype('float64'), 'start_from': dtype('<M8[ns]'), 'serial_number': dtype('float64'), 'ecn': dtype('int64'), 'warranty': dtype('float64'), 'date_1': dtype('float64'), 'note': dtype('O'), 'field': dtype('int64'), 'object_number': dtype('O'), 'number': dtype('float64'), 'object_no': dtype('int64'), 'r': dtype('float64'), 'config_material': dtype('float64'), 'material': dtype('float64'), 'serial_number_1': dtype('float64'), 'plnt': dtype('float64'), 'sloc': dtype('float64'), 'batch': dtype('float64'), 'curcustomer': dtype('float64'), 'mntplan': dtype('float64'), 'measpoint': dtype('float64'), 'revlev': dtype('float64'), 'master_warranty': dtype('float64'), 'o': dtype('O'), 'equi_data': dtype('O'), 'sd': dtype('float64'), 'c_1': dtype('float64'), 's': dtype('float64'), 'p': dtype('float64'), 'other': dtype('float64'), 'isu': dtype('float64'), 'eqsi': dtype('float64'), 'fleetobj': dtype('float64'), 'stkck': dtype('float64'), 'dv': dtype('float64'), 'handle': dtype('float64'), 'template': dtype('float64'), 'mpn_material': dtype('float64'), 'change_equipment_master_from_asset': dtype('float64'), 'configuration_control_data': dtype('float64'), 'date_of_last_goods_movemnt': dtype('float64'), 'unique_item_identifier': dtype('float64'), 'iuid_type': dtype('float64'), 'plant_responsible_for_uii': dtype('float64'), 'short_form_of_time_stamp': dtype('O'), 'end_of_use': dtype('<M8[ns]'), 'dummy': dtype('float64'), 'append_dfps_actve': dtype('float64'), 'shift_report_type': dtype('float64'), 'notif_type_of_shift_note': dtype('float64'), 'logbk_duty': dtype('float64'), 'hide_logbook': dtype('float64'), 'plan_ind': dtype('float64'), 'c_dequi': dtype('float64'), 'proc_type': dtype('float64'), 'itm_mltprt': dtype('float64'), 'mpg': dtype('float64'), 'fic': dtype('float64'), 'doc_cat_allowed': dtype('float64'), 'bun': dtype('float64'), 'un_loadcosts': dtype('float64'), 'provision_fee': dtype('float64'), 'own_ext': dtype('float64'), 'ums': dtype('float64'), 'plate_no': dtype('float64'), 'ss': dtype('float64'), 'sp': dtype('float64'), 'pgrp': dtype('float64'), 'class': dtype('float64'), 'description_of_technical_object': dtype('O'), 'l_1': dtype('O'), 'p_1': dtype('O'), 'data_source_file': dtype('O'), 'period_label': dtype('O')}, 'duplicate_ids': np.int64(0), 'missing_ids': np.int64(0)}
2025-07-17 23:50:21,324 - src.data.make_dataset - INFO - Removed 0 exact duplicate rows
2025-07-17 23:50:21,331 - src.data.make_dataset - INFO - Dropped 75 columns with >90% missing values: ['agrp', 'sap_development_reserve_format_char_le', 'size_dimension', 'un', 'date', 'crcy', 'vendor', 'wtyend', 'guarantdat', 'm_c_r', 'manufacturer_drawing_number', 'cony', 'cm', 'te', 'deldate', 'serial_number', 'warranty', 'date_1', 'number', 'r', 'config_material', 'material', 'serial_number_1', 'plnt', 'sloc', 'batch', 'curcustomer', 'mntplan', 'measpoint', 'revlev', 'master_warranty', 'sd', 'c_1', 's', 'p', 'other', 'isu', 'eqsi', 'fleetobj', 'stkck', 'dv', 'handle', 'template', 'mpn_material', 'change_equipment_master_from_asset', 'configuration_control_data', 'date_of_last_goods_movemnt', 'unique_item_identifier', 'iuid_type', 'plant_responsible_for_uii', 'end_of_use', 'dummy', 'append_dfps_actve', 'shift_report_type', 'notif_type_of_shift_note', 'logbk_duty', 'hide_logbook', 'plan_ind', 'c_dequi', 'proc_type', 'itm_mltprt', 'mpg', 'fic', 'doc_cat_allowed', 'bun', 'un_loadcosts', 'provision_fee', 'own_ext', 'ums', 'plate_no', 'ss', 'sp', 'pgrp', 'class', 'l_1']
2025-07-17 23:50:21,331 - src.data.make_dataset - INFO - Parsed date column: created_by
2025-07-17 23:50:21,341 - src.data.make_dataset - INFO - Parsed date column: changed_by
2025-07-17 23:50:21,429 - src.data.make_dataset - INFO - Processing Step: Enhanced Cleaning and Imputation
2025-07-17 23:50:21,429 - src.data.make_dataset - INFO -   Shape change: (1000, 105) -> (1000, 30)
2025-07-17 23:50:21,429 - src.data.make_dataset - INFO -   Rows: +0, Columns: -75
2025-07-17 23:50:21,429 - src.data.make_dataset - INFO - Cleaned Dataset Info:
2025-07-17 23:50:21,429 - src.data.make_dataset - INFO -   Shape: (1000, 30)
2025-07-17 23:50:21,437 - src.data.make_dataset - INFO -   Memory usage: 0.42 MB
2025-07-17 23:50:21,437 - src.data.make_dataset - INFO -   Columns: ['cl', 'equipment', 'equipment_description', 'created_on', 'created_by', 'l', 'chngd_on', 'changed_by', 'c', 'objecttype', 'inventory_number', 'weight', 'acquisition_value', 'replval', 'manufacturer_of_asset', 'manufacturer_s_serial_number', 'model_number', 'start_from', 'ecn', 'note', 'field', 'object_number', 'object_no', 'o', 'equi_data', 'short_form_of_time_stamp', 'description_of_technical_object', 'p_1', 'data_source_file', 'period_label']
2025-07-17 23:50:21,437 - src.data.make_dataset - INFO -   Data types: {dtype('int8'): 6, dtype('<M8[ns]'): 5, dtype('O'): 4, CategoricalDtype(categories=['X'], ordered=False, categories_dtype=object): 2, dtype('int16'): 1, CategoricalDtype(categories=['E'], ordered=False, categories_dtype=object): 1, CategoricalDtype(categories=['M'], ordered=False, categories_dtype=object): 1, CategoricalDtype(categories=['EQEMOV', 'EQEO', 'EQERGD', 'EQERM', 'EQERMA', 'EQERMD',
                  'EQMO', 'EQMRA', 'EQMRB', 'EQMRC', 'EQMRCC', 'EQMRCR',
                  'EQMRF', 'EQMRP', 'EQMRPC', 'EQMRPP', 'EQMRPR', 'EQMSV'],
, ordered=False, categories_dtype=object): 1, dtype('int32'): 1, CategoricalDtype(categories=['0A01C-M', '10000318', '10000411', '100A01A-M', '100A01B-M',
                  '100A02A-M', '100A02B-M', '100A03A-M', '100A03B-M',
                  '100A04A-M',
                  ...
                  '22X205C-M', '23K201 LOP-M', '23P206A-M', '23P206B-M',
                  '23P208A-M', '23P208B-M', '23X205A-M', '23X205B-M',
                  '23X205C-M', 'Unknown'],
, ordered=False, categories_dtype=object): 1, CategoricalDtype(categories=[' Kirloskar', '10000620', 'ABANAKI', 'AEJ22259', 'AKAY',
                  'AKAY CHEMFLO', 'AKAY INDUSTRIES PVT. LTD.,',
                  'AKAY PUMPS LTD.', 'BHARAT BIJLEE',
                  'BHARAT PUMPS & COMPRESSORS LTD',
                  ...
                  'STROM CRAFT CONTROLS', 'SULZER', 'SULZER AG. GERMANY',
                  'SWELLORE', 'TRAIVENI VACUUM TECHNOLOGY',
                  'V.K. Pumps Ind. Pvt. Ltd.', 'VK PUMPS', 'VOLTAS',
                  'WATANBE MFG. CO. LTD.', 'kHIMLINE PUMPS LTD'],
, ordered=False, categories_dtype=object): 1, CategoricalDtype(categories=['!Z!IE01  !46C041!030919!CPM_AP'], ordered=False, categories_dtype=object): 1, CategoricalDtype(categories=['"8""/8"" SR 6 KL 60"', '"A-336 (63-10 SIZE 2',
                  '"A-45, 1 HP"', '"CPC 65/160, SIZE 10',
                  '"ELECON 3""FSM 70:1"', '"ELECON 4"" FSM 70:1',
                  '"TCH+N 25/180, SIZE', '"TCH+V080/230,2611"', '"TOTE 4"""',
                  '100-160',
                  ...
                  'W 2.1 K-34', 'WD 1125-8', 'WDD 1125-22', 'WDD 1125/35',
                  'WH 1125 / 19', 'WH 1125/25', 'WH 1125/35', 'WL 65/7 HWD',
                  'WL 80/5', 'ZE-400-7630'],
, ordered=False, categories_dtype=object): 1, CategoricalDtype(categories=['D', 'R'], ordered=False, categories_dtype=object): 1, CategoricalDtype(categories=[           00:00:00, 2025-02-11 10:18:18,
                  2025-02-11 09:58:36, 2025-02-11 09:59:05,
                  2025-02-11 09:57:15, 2025-02-11 09:57:59,
                  2025-02-11 10:03:36, 2025-02-11 10:04:06,
                  2025-02-11 10:04:27, 2025-02-11 10:04:59,
                  2025-02-11 10:05:18, 2025-02-11 10:05:54,
                  2025-02-11 10:07:27, 2025-02-11 10:08:35,
                  2025-02-11 10:09:08, 2025-02-11 10:09:26,
                  2025-02-11 09:55:34, 2025-02-11 09:54:59,
                  2024-03-18 05:18:34, 2024-03-18 05:35:21,
                  2023-09-26 09:09:33, 2023-09-26 09:10:41,
                  2023-11-21 06:48:04, 2023-09-26 12:02:05,
                  2023-11-21 08:09:19, 2023-11-22 07:09:35,
                  2023-11-22 07:11:28, 2023-09-26 09:58:15,
                  2023-11-21 09:40:22, 2023-09-26 09:51:15,
                  2023-09-26 09:53:14, 2023-11-17 10:34:30,
                  2023-11-21 09:44:11, 2023-11-21 09:45:42,
                  2023-11-21 09:48:41, 2023-11-21 09:50:42,
                  2023-11-21 09:52:12, 2023-11-21 09:53:27,
                  2023-11-21 09:55:09, 2023-11-22 05:22:35,
                  2023-11-22 07:19:21, 2023-11-22 07:21:21,
                  2023-11-22 07:22:58, 2023-02-22 04:31:12,
                  2023-09-26 10:15:12, 2023-11-21 10:23:58,
                  2023-09-26 10:02:31, 2023-11-21 11:18:57,
                  2023-11-21 11:22:17, 2023-11-21 11:24:16,
                  2023-11-21 11:30:48, 2023-08-22 12:11:00],
, ordered=False, categories_dtype=object): 1, CategoricalDtype(categories=['test_file.xlsx'], ordered=False, categories_dtype=object): 1, CategoricalDtype(categories=['2000-2005'], ordered=False, categories_dtype=object): 1}
2025-07-17 23:50:21,445 - src.data.make_dataset - INFO -   Missing values: 2053
2025-07-17 23:50:21,445 - src.data.make_dataset - INFO -   Duplicate rows: 0
2025-07-17 23:51:05,600 - src.data.make_dataset - INFO - Starting enhanced cleaning and imputation
2025-07-17 23:51:05,616 - src.data.make_dataset - INFO - Data validation results: {'total_rows': 1000, 'total_columns': 105, 'duplicate_rows': np.int64(0), 'missing_values_total': np.int64(76720), 'missing_values_by_column': {'cl': 0, 'equipment': 0, 'equipment_description': 0, 'created_on': 0, 'created_by': 0, 'l': 0, 'chngd_on': 63, 'changed_by': 63, 'agrp': 918, 'c': 0, 'objecttype': 0, 'sap_development_reserve_format_char_le': 1000, 'inventory_number': 737, 'size_dimension': 999, 'weight': 0, 'un': 1000, 'date': 995, 'acquisition_value': 0, 'crcy': 999, 'vendor': 1000, 'wtyend': 1000, 'guarantdat': 1000, 'replval': 0, 'manufacturer_of_asset': 244, 'm_c_r': 941, 'manufacturer_drawing_number': 1000, 'manufacturer_s_serial_number': 230, 'model_number': 619, 'cony': 954, 'cm': 975, 'te': 1000, 'deldate': 1000, 'start_from': 0, 'serial_number': 1000, 'ecn': 0, 'warranty': 1000, 'date_1': 1000, 'note': 0, 'field': 0, 'object_number': 0, 'number': 1000, 'object_no': 0, 'r': 1000, 'config_material': 1000, 'material': 1000, 'serial_number_1': 1000, 'plnt': 1000, 'sloc': 1000, 'batch': 1000, 'curcustomer': 1000, 'mntplan': 1000, 'measpoint': 1000, 'revlev': 1000, 'master_warranty': 1000, 'o': 0, 'equi_data': 0, 'sd': 1000, 'c_1': 1000, 's': 1000, 'p': 1000, 'other': 1000, 'isu': 1000, 'eqsi': 1000, 'fleetobj': 1000, 'stkck': 1000, 'dv': 1000, 'handle': 1000, 'template': 1000, 'mpn_material': 1000, 'change_equipment_master_from_asset': 1000, 'configuration_control_data': 1000, 'date_of_last_goods_movemnt': 1000, 'unique_item_identifier': 1000, 'iuid_type': 1000, 'plant_responsible_for_uii': 1000, 'short_form_of_time_stamp': 0, 'end_of_use': 989, 'dummy': 1000, 'append_dfps_actve': 1000, 'shift_report_type': 1000, 'notif_type_of_shift_note': 1000, 'logbk_duty': 1000, 'hide_logbook': 1000, 'plan_ind': 1000, 'c_dequi': 1000, 'proc_type': 1000, 'itm_mltprt': 1000, 'mpg': 1000, 'fic': 1000, 'doc_cat_allowed': 1000, 'bun': 1000, 'un_loadcosts': 1000, 'provision_fee': 1000, 'own_ext': 1000, 'ums': 1000, 'plate_no': 1000, 'ss': 1000, 'sp': 1000, 'pgrp': 1000, 'class': 1000, 'description_of_technical_object': 0, 'l_1': 994, 'p_1': 0, 'data_source_file': 0, 'period_label': 0}, 'empty_columns': ['sap_development_reserve_format_char_le', 'un', 'vendor', 'wtyend', 'guarantdat', 'manufacturer_drawing_number', 'te', 'deldate', 'serial_number', 'warranty', 'date_1', 'number', 'r', 'config_material', 'material', 'serial_number_1', 'plnt', 'sloc', 'batch', 'curcustomer', 'mntplan', 'measpoint', 'revlev', 'master_warranty', 'sd', 'c_1', 's', 'p', 'other', 'isu', 'eqsi', 'fleetobj', 'stkck', 'dv', 'handle', 'template', 'mpn_material', 'change_equipment_master_from_asset', 'configuration_control_data', 'date_of_last_goods_movemnt', 'unique_item_identifier', 'iuid_type', 'plant_responsible_for_uii', 'dummy', 'append_dfps_actve', 'shift_report_type', 'notif_type_of_shift_note', 'logbk_duty', 'hide_logbook', 'plan_ind', 'c_dequi', 'proc_type', 'itm_mltprt', 'mpg', 'fic', 'doc_cat_allowed', 'bun', 'un_loadcosts', 'provision_fee', 'own_ext', 'ums', 'plate_no', 'ss', 'sp', 'pgrp', 'class'], 'data_types': {'cl': dtype('int64'), 'equipment': dtype('int64'), 'equipment_description': dtype('O'), 'created_on': dtype('<M8[ns]'), 'created_by': dtype('O'), 'l': dtype('O'), 'chngd_on': dtype('<M8[ns]'), 'changed_by': dtype('O'), 'agrp': dtype('float64'), 'c': dtype('O'), 'objecttype': dtype('O'), 'sap_development_reserve_format_char_le': dtype('float64'), 'inventory_number': dtype('O'), 'size_dimension': dtype('O'), 'weight': dtype('int64'), 'un': dtype('float64'), 'date': dtype('<M8[ns]'), 'acquisition_value': dtype('int64'), 'crcy': dtype('O'), 'vendor': dtype('float64'), 'wtyend': dtype('float64'), 'guarantdat': dtype('float64'), 'replval': dtype('int64'), 'manufacturer_of_asset': dtype('O'), 'm_c_r': dtype('O'), 'manufacturer_drawing_number': dtype('float64'), 'manufacturer_s_serial_number': dtype('O'), 'model_number': dtype('O'), 'cony': dtype('float64'), 'cm': dtype('float64'), 'te': dtype('float64'), 'deldate': dtype('float64'), 'start_from': dtype('<M8[ns]'), 'serial_number': dtype('float64'), 'ecn': dtype('int64'), 'warranty': dtype('float64'), 'date_1': dtype('float64'), 'note': dtype('O'), 'field': dtype('int64'), 'object_number': dtype('O'), 'number': dtype('float64'), 'object_no': dtype('int64'), 'r': dtype('float64'), 'config_material': dtype('float64'), 'material': dtype('float64'), 'serial_number_1': dtype('float64'), 'plnt': dtype('float64'), 'sloc': dtype('float64'), 'batch': dtype('float64'), 'curcustomer': dtype('float64'), 'mntplan': dtype('float64'), 'measpoint': dtype('float64'), 'revlev': dtype('float64'), 'master_warranty': dtype('float64'), 'o': dtype('O'), 'equi_data': dtype('O'), 'sd': dtype('float64'), 'c_1': dtype('float64'), 's': dtype('float64'), 'p': dtype('float64'), 'other': dtype('float64'), 'isu': dtype('float64'), 'eqsi': dtype('float64'), 'fleetobj': dtype('float64'), 'stkck': dtype('float64'), 'dv': dtype('float64'), 'handle': dtype('float64'), 'template': dtype('float64'), 'mpn_material': dtype('float64'), 'change_equipment_master_from_asset': dtype('float64'), 'configuration_control_data': dtype('float64'), 'date_of_last_goods_movemnt': dtype('float64'), 'unique_item_identifier': dtype('float64'), 'iuid_type': dtype('float64'), 'plant_responsible_for_uii': dtype('float64'), 'short_form_of_time_stamp': dtype('O'), 'end_of_use': dtype('<M8[ns]'), 'dummy': dtype('float64'), 'append_dfps_actve': dtype('float64'), 'shift_report_type': dtype('float64'), 'notif_type_of_shift_note': dtype('float64'), 'logbk_duty': dtype('float64'), 'hide_logbook': dtype('float64'), 'plan_ind': dtype('float64'), 'c_dequi': dtype('float64'), 'proc_type': dtype('float64'), 'itm_mltprt': dtype('float64'), 'mpg': dtype('float64'), 'fic': dtype('float64'), 'doc_cat_allowed': dtype('float64'), 'bun': dtype('float64'), 'un_loadcosts': dtype('float64'), 'provision_fee': dtype('float64'), 'own_ext': dtype('float64'), 'ums': dtype('float64'), 'plate_no': dtype('float64'), 'ss': dtype('float64'), 'sp': dtype('float64'), 'pgrp': dtype('float64'), 'class': dtype('float64'), 'description_of_technical_object': dtype('O'), 'l_1': dtype('O'), 'p_1': dtype('O'), 'data_source_file': dtype('O'), 'period_label': dtype('O')}, 'duplicate_ids': np.int64(0), 'missing_ids': np.int64(0)}
2025-07-17 23:51:05,627 - src.data.make_dataset - INFO - Removed 0 exact duplicate rows
2025-07-17 23:51:05,630 - src.data.make_dataset - INFO - Dropped 75 columns with >90% missing values: ['agrp', 'sap_development_reserve_format_char_le', 'size_dimension', 'un', 'date', 'crcy', 'vendor', 'wtyend', 'guarantdat', 'm_c_r', 'manufacturer_drawing_number', 'cony', 'cm', 'te', 'deldate', 'serial_number', 'warranty', 'date_1', 'number', 'r', 'config_material', 'material', 'serial_number_1', 'plnt', 'sloc', 'batch', 'curcustomer', 'mntplan', 'measpoint', 'revlev', 'master_warranty', 'sd', 'c_1', 's', 'p', 'other', 'isu', 'eqsi', 'fleetobj', 'stkck', 'dv', 'handle', 'template', 'mpn_material', 'change_equipment_master_from_asset', 'configuration_control_data', 'date_of_last_goods_movemnt', 'unique_item_identifier', 'iuid_type', 'plant_responsible_for_uii', 'end_of_use', 'dummy', 'append_dfps_actve', 'shift_report_type', 'notif_type_of_shift_note', 'logbk_duty', 'hide_logbook', 'plan_ind', 'c_dequi', 'proc_type', 'itm_mltprt', 'mpg', 'fic', 'doc_cat_allowed', 'bun', 'un_loadcosts', 'provision_fee', 'own_ext', 'ums', 'plate_no', 'ss', 'sp', 'pgrp', 'class', 'l_1']
2025-07-17 23:51:05,636 - src.data.make_dataset - INFO - Parsed date column: created_by
2025-07-17 23:51:05,639 - src.data.make_dataset - INFO - Parsed date column: changed_by
2025-07-17 23:51:05,719 - src.data.make_dataset - INFO - Processing Step: Enhanced Cleaning and Imputation
2025-07-17 23:51:05,719 - src.data.make_dataset - INFO -   Shape change: (1000, 105) -> (1000, 30)
2025-07-17 23:51:05,719 - src.data.make_dataset - INFO -   Rows: +0, Columns: -75
2025-07-17 23:51:05,719 - src.data.make_dataset - INFO - Cleaned Dataset Info:
2025-07-17 23:51:05,719 - src.data.make_dataset - INFO -   Shape: (1000, 30)
2025-07-17 23:51:05,727 - src.data.make_dataset - INFO -   Memory usage: 0.42 MB
2025-07-17 23:51:05,727 - src.data.make_dataset - INFO -   Columns: ['cl', 'equipment', 'equipment_description', 'created_on', 'created_by', 'l', 'chngd_on', 'changed_by', 'c', 'objecttype', 'inventory_number', 'weight', 'acquisition_value', 'replval', 'manufacturer_of_asset', 'manufacturer_s_serial_number', 'model_number', 'start_from', 'ecn', 'note', 'field', 'object_number', 'object_no', 'o', 'equi_data', 'short_form_of_time_stamp', 'description_of_technical_object', 'p_1', 'data_source_file', 'period_label']
2025-07-17 23:51:05,736 - src.data.make_dataset - INFO -   Data types: {dtype('int8'): 6, dtype('<M8[ns]'): 5, dtype('O'): 4, CategoricalDtype(categories=['X'], ordered=False, categories_dtype=object): 2, dtype('int16'): 1, CategoricalDtype(categories=['E'], ordered=False, categories_dtype=object): 1, CategoricalDtype(categories=['M'], ordered=False, categories_dtype=object): 1, CategoricalDtype(categories=['EQEMOV', 'EQEO', 'EQERGD', 'EQERM', 'EQERMA', 'EQERMD',
                  'EQMO', 'EQMRA', 'EQMRB', 'EQMRC', 'EQMRCC', 'EQMRCR',
                  'EQMRF', 'EQMRP', 'EQMRPC', 'EQMRPP', 'EQMRPR', 'EQMSV'],
, ordered=False, categories_dtype=object): 1, dtype('int32'): 1, CategoricalDtype(categories=['0A01C-M', '10000318', '10000411', '100A01A-M', '100A01B-M',
                  '100A02A-M', '100A02B-M', '100A03A-M', '100A03B-M',
                  '100A04A-M',
                  ...
                  '22X205C-M', '23K201 LOP-M', '23P206A-M', '23P206B-M',
                  '23P208A-M', '23P208B-M', '23X205A-M', '23X205B-M',
                  '23X205C-M', 'Unknown'],
, ordered=False, categories_dtype=object): 1, CategoricalDtype(categories=[' Kirloskar', '10000620', 'ABANAKI', 'AEJ22259', 'AKAY',
                  'AKAY CHEMFLO', 'AKAY INDUSTRIES PVT. LTD.,',
                  'AKAY PUMPS LTD.', 'BHARAT BIJLEE',
                  'BHARAT PUMPS & COMPRESSORS LTD',
                  ...
                  'STROM CRAFT CONTROLS', 'SULZER', 'SULZER AG. GERMANY',
                  'SWELLORE', 'TRAIVENI VACUUM TECHNOLOGY',
                  'V.K. Pumps Ind. Pvt. Ltd.', 'VK PUMPS', 'VOLTAS',
                  'WATANBE MFG. CO. LTD.', 'kHIMLINE PUMPS LTD'],
, ordered=False, categories_dtype=object): 1, CategoricalDtype(categories=['!Z!IE01  !46C041!030919!CPM_AP'], ordered=False, categories_dtype=object): 1, CategoricalDtype(categories=['"8""/8"" SR 6 KL 60"', '"A-336 (63-10 SIZE 2',
                  '"A-45, 1 HP"', '"CPC 65/160, SIZE 10',
                  '"ELECON 3""FSM 70:1"', '"ELECON 4"" FSM 70:1',
                  '"TCH+N 25/180, SIZE', '"TCH+V080/230,2611"', '"TOTE 4"""',
                  '100-160',
                  ...
                  'W 2.1 K-34', 'WD 1125-8', 'WDD 1125-22', 'WDD 1125/35',
                  'WH 1125 / 19', 'WH 1125/25', 'WH 1125/35', 'WL 65/7 HWD',
                  'WL 80/5', 'ZE-400-7630'],
, ordered=False, categories_dtype=object): 1, CategoricalDtype(categories=['D', 'R'], ordered=False, categories_dtype=object): 1, CategoricalDtype(categories=[           00:00:00, 2025-02-11 10:18:18,
                  2025-02-11 09:58:36, 2025-02-11 09:59:05,
                  2025-02-11 09:57:15, 2025-02-11 09:57:59,
                  2025-02-11 10:03:36, 2025-02-11 10:04:06,
                  2025-02-11 10:04:27, 2025-02-11 10:04:59,
                  2025-02-11 10:05:18, 2025-02-11 10:05:54,
                  2025-02-11 10:07:27, 2025-02-11 10:08:35,
                  2025-02-11 10:09:08, 2025-02-11 10:09:26,
                  2025-02-11 09:55:34, 2025-02-11 09:54:59,
                  2024-03-18 05:18:34, 2024-03-18 05:35:21,
                  2023-09-26 09:09:33, 2023-09-26 09:10:41,
                  2023-11-21 06:48:04, 2023-09-26 12:02:05,
                  2023-11-21 08:09:19, 2023-11-22 07:09:35,
                  2023-11-22 07:11:28, 2023-09-26 09:58:15,
                  2023-11-21 09:40:22, 2023-09-26 09:51:15,
                  2023-09-26 09:53:14, 2023-11-17 10:34:30,
                  2023-11-21 09:44:11, 2023-11-21 09:45:42,
                  2023-11-21 09:48:41, 2023-11-21 09:50:42,
                  2023-11-21 09:52:12, 2023-11-21 09:53:27,
                  2023-11-21 09:55:09, 2023-11-22 05:22:35,
                  2023-11-22 07:19:21, 2023-11-22 07:21:21,
                  2023-11-22 07:22:58, 2023-02-22 04:31:12,
                  2023-09-26 10:15:12, 2023-11-21 10:23:58,
                  2023-09-26 10:02:31, 2023-11-21 11:18:57,
                  2023-11-21 11:22:17, 2023-11-21 11:24:16,
                  2023-11-21 11:30:48, 2023-08-22 12:11:00],
, ordered=False, categories_dtype=object): 1, CategoricalDtype(categories=['test_file.xlsx'], ordered=False, categories_dtype=object): 1, CategoricalDtype(categories=['2000-2005'], ordered=False, categories_dtype=object): 1}
2025-07-17 23:51:05,736 - src.data.make_dataset - INFO -   Missing values: 2053
2025-07-17 23:51:05,736 - src.data.make_dataset - INFO -   Duplicate rows: 0
2025-07-18 00:59:34,177 - src.data.make_dataset - INFO - Starting time-series data loading from C:\Users\hp\OneDrive\Desktop\ongc ai model\POWER-BI-BOT\data\raw
2025-07-18 00:59:34,177 - src.data.make_dataset - INFO - Found 5 files to process: ['EQUI_01.04.2000 TO 31.03.2005.xlsx', 'EQUI_01.04.2005 TO 31.03.2010.xlsx', 'EQUI_01.04.2010 TO 31.03.2015.xlsx', 'EQUI_01.04.2015 TO 31.03.2020.xlsx', 'EQUI_01.04.2020 TO 31.03.2025.xlsx']
2025-07-18 00:59:34,185 - src.data.make_dataset - INFO - Processing file: EQUI_01.04.2000 TO 31.03.2005.xlsx
2025-07-18 01:40:24,452 - src.data.make_dataset - INFO - Starting time-series data loading from C:\Users\hp\OneDrive\Desktop\ongc ai model\POWER-BI-BOT\data\raw
2025-07-18 01:40:24,458 - src.data.make_dataset - INFO - Found 5 files to process: ['EQUI_01.04.2000 TO 31.03.2005.xlsx', 'EQUI_01.04.2005 TO 31.03.2010.xlsx', 'EQUI_01.04.2010 TO 31.03.2015.xlsx', 'EQUI_01.04.2015 TO 31.03.2020.xlsx', 'EQUI_01.04.2020 TO 31.03.2025.xlsx']
