2025-07-17 23:49:27,592 - src.features.build_features - INFO - Starting comprehensive feature engineering
2025-07-17 23:49:27,592 - src.features.build_features - INFO - Creating temporal features
2025-07-17 23:49:27,608 - src.features.build_features - INFO - Creating equipment classification features
2025-07-17 23:49:27,633 - src.features.build_features - INFO - Creating financial features
2025-07-17 23:49:27,636 - src.features.build_features - INFO - Creating maintenance features
2025-07-17 23:49:27,636 - src.features.build_features - INFO - Creating text analysis features
2025-07-17 23:49:27,641 - src.features.build_features - INFO - Creating aggregation features
2025-07-17 23:50:21,445 - src.features.build_features - INFO - Starting comprehensive feature engineering
2025-07-17 23:50:21,445 - src.features.build_features - INFO - Creating temporal features
2025-07-17 23:50:21,461 - src.features.build_features - INFO - Creating equipment classification features
2025-07-17 23:50:21,478 - src.features.build_features - INFO - Creating financial features
2025-07-17 23:50:21,478 - src.features.build_features - INFO - Creating maintenance features
2025-07-17 23:50:21,494 - src.features.build_features - INFO - Creating text analysis features
2025-07-17 23:50:21,502 - src.features.build_features - INFO - Creating aggregation features
2025-07-17 23:50:21,511 - src.features.build_features - INFO - Creating risk and priority features
2025-07-17 23:51:05,736 - src.features.build_features - INFO - Starting comprehensive feature engineering
2025-07-17 23:51:05,744 - src.features.build_features - INFO - Creating temporal features
2025-07-17 23:51:05,761 - src.features.build_features - INFO - Creating equipment classification features
2025-07-17 23:51:05,776 - src.features.build_features - INFO - Creating financial features
2025-07-17 23:51:05,776 - src.features.build_features - INFO - Creating maintenance features
2025-07-17 23:51:05,787 - src.features.build_features - INFO - Creating text analysis features
2025-07-17 23:51:05,793 - src.features.build_features - INFO - Creating aggregation features
2025-07-17 23:51:05,802 - src.features.build_features - INFO - Creating risk and priority features
2025-07-17 23:51:05,826 - src.features.build_features - INFO - Processing Step: Comprehensive Feature Engineering
2025-07-17 23:51:05,826 - src.features.build_features - INFO -   Shape change: (1000, 30) -> (1000, 70)
2025-07-17 23:51:05,826 - src.features.build_features - INFO -   Rows: +0, Columns: +40
2025-07-17 23:51:05,826 - src.features.build_features - INFO - Feature-Engineered Dataset Info:
2025-07-17 23:51:05,826 - src.features.build_features - INFO -   Shape: (1000, 70)
2025-07-17 23:51:05,834 - src.features.build_features - INFO -   Memory usage: 0.50 MB
2025-07-17 23:51:05,834 - src.features.build_features - INFO -   Columns: ['cl', 'equipment', 'equipment_description', 'created_on', 'created_by', 'l', 'chngd_on', 'changed_by', 'c', 'objecttype', 'inventory_number', 'weight', 'acquisition_value', 'replval', 'manufacturer_of_asset', 'manufacturer_s_serial_number', 'model_number', 'start_from', 'ecn', 'note', 'field', 'object_number', 'object_no', 'o', 'equi_data', 'short_form_of_time_stamp', 'description_of_technical_object', 'p_1', 'data_source_file', 'period_label', 'asset_age_years', 'asset_age_months', 'creation_year', 'creation_month', 'creation_quarter', 'creation_day_of_year', 'lifecycle_stage', 'period_numeric', 'is_mixer', 'is_motor', 'is_pump', 'is_aerator', 'is_tank', 'is_chemical', 'is_compressor', 'is_generator', 'equipment_type', 'has_capacity_info', 'description_length', 'description_word_count', 'value_category', 'cost_per_year', 'plant_equipment_count', 'plant_avg_age', 'manufacturer_equipment_count', 'manufacturer_avg_age', 'is_top_manufacturer', 'is_critical', 'is_safety_equipment', 'is_environmental', 'automation_level', 'field_equipment_density', 'field_total_value', 'year_equipment_count', 'year_total_investment', 'manufacturer_market_share', 'risk_score', 'risk_category', 'maintenance_priority', 'maintenance_urgency']
2025-07-17 23:51:05,834 - src.features.build_features - INFO -   Data types: {dtype('int8'): 24, dtype('float32'): 9, dtype('<M8[ns]'): 5, dtype('int32'): 5, dtype('int16'): 5, dtype('O'): 4, CategoricalDtype(categories=['Low', 'Medium', 'High', 'Critical'], ordered=True, categories_dtype=object): 2, CategoricalDtype(categories=['X'], ordered=False, categories_dtype=object): 2, CategoricalDtype(categories=['M'], ordered=False, categories_dtype=object): 1, CategoricalDtype(categories=['E'], ordered=False, categories_dtype=object): 1, CategoricalDtype(categories=[' Kirloskar', '10000620', 'ABANAKI', 'AEJ22259', 'AKAY',
                  'AKAY CHEMFLO', 'AKAY INDUSTRIES PVT. LTD.,',
                  'AKAY PUMPS LTD.', 'BHARAT BIJLEE',
                  'BHARAT PUMPS & COMPRESSORS LTD',
                  ...
                  'STROM CRAFT CONTROLS', 'SULZER', 'SULZER AG. GERMANY',
                  'SWELLORE', 'TRAIVENI VACUUM TECHNOLOGY',
                  'V.K. Pumps Ind. Pvt. Ltd.', 'VK PUMPS', 'VOLTAS',
                  'WATANBE MFG. CO. LTD.', 'kHIMLINE PUMPS LTD'],
, ordered=False, categories_dtype=object): 1, CategoricalDtype(categories=['"8""/8"" SR 6 KL 60"', '"A-336 (63-10 SIZE 2',
                  '"A-45, 1 HP"', '"CPC 65/160, SIZE 10',
                  '"ELECON 3""FSM 70:1"', '"ELECON 4"" FSM 70:1',
                  '"TCH+N 25/180, SIZE', '"TCH+V080/230,2611"', '"TOTE 4"""',
                  '100-160',
                  ...
                  'W 2.1 K-34', 'WD 1125-8', 'WDD 1125-22', 'WDD 1125/35',
                  'WH 1125 / 19', 'WH 1125/25', 'WH 1125/35', 'WL 65/7 HWD',
                  'WL 80/5', 'ZE-400-7630'],
, ordered=False, categories_dtype=object): 1, CategoricalDtype(categories=['0A01C-M', '10000318', '10000411', '100A01A-M', '100A01B-M',
                  '100A02A-M', '100A02B-M', '100A03A-M', '100A03B-M',
                  '100A04A-M',
                  ...
                  '22X205C-M', '23K201 LOP-M', '23P206A-M', '23P206B-M',
                  '23P208A-M', '23P208B-M', '23X205A-M', '23X205B-M',
                  '23X205C-M', 'Unknown'],
, ordered=False, categories_dtype=object): 1, CategoricalDtype(categories=['EQEMOV', 'EQEO', 'EQERGD', 'EQERM', 'EQERMA', 'EQERMD',
                  'EQMO', 'EQMRA', 'EQMRB', 'EQMRC', 'EQMRCC', 'EQMRCR',
                  'EQMRF', 'EQMRP', 'EQMRPC', 'EQMRPP', 'EQMRPR', 'EQMSV'],
, ordered=False, categories_dtype=object): 1, CategoricalDtype(categories=['D', 'R'], ordered=False, categories_dtype=object): 1, CategoricalDtype(categories=['!Z!IE01  !46C041!030919!CPM_AP'], ordered=False, categories_dtype=object): 1, CategoricalDtype(categories=['test_file.xlsx'], ordered=False, categories_dtype=object): 1, CategoricalDtype(categories=[           00:00:00, 2025-02-11 10:18:18,
                  2025-02-11 09:58:36, 2025-02-11 09:59:05,
                  2025-02-11 09:57:15, 2025-02-11 09:57:59,
                  2025-02-11 10:03:36, 2025-02-11 10:04:06,
                  2025-02-11 10:04:27, 2025-02-11 10:04:59,
                  2025-02-11 10:05:18, 2025-02-11 10:05:54,
                  2025-02-11 10:07:27, 2025-02-11 10:08:35,
                  2025-02-11 10:09:08, 2025-02-11 10:09:26,
                  2025-02-11 09:55:34, 2025-02-11 09:54:59,
                  2024-03-18 05:18:34, 2024-03-18 05:35:21,
                  2023-09-26 09:09:33, 2023-09-26 09:10:41,
                  2023-11-21 06:48:04, 2023-09-26 12:02:05,
                  2023-11-21 08:09:19, 2023-11-22 07:09:35,
                  2023-11-22 07:11:28, 2023-09-26 09:58:15,
                  2023-11-21 09:40:22, 2023-09-26 09:51:15,
                  2023-09-26 09:53:14, 2023-11-17 10:34:30,
                  2023-11-21 09:44:11, 2023-11-21 09:45:42,
                  2023-11-21 09:48:41, 2023-11-21 09:50:42,
                  2023-11-21 09:52:12, 2023-11-21 09:53:27,
                  2023-11-21 09:55:09, 2023-11-22 05:22:35,
                  2023-11-22 07:19:21, 2023-11-22 07:21:21,
                  2023-11-22 07:22:58, 2023-02-22 04:31:12,
                  2023-09-26 10:15:12, 2023-11-21 10:23:58,
                  2023-09-26 10:02:31, 2023-11-21 11:18:57,
                  2023-11-21 11:22:17, 2023-11-21 11:24:16,
                  2023-11-21 11:30:48, 2023-08-22 12:11:00],
, ordered=False, categories_dtype=object): 1, CategoricalDtype(categories=['2000-2005'], ordered=False, categories_dtype=object): 1, CategoricalDtype(categories=['New', 'Young', 'Mature', 'Aging', 'Legacy'], ordered=True, categories_dtype=object): 1, CategoricalDtype(categories=['AERATOR', 'CHEMICAL', 'COMPRESSOR', 'GENERATOR', 'MIXER',
                  'MOTOR', 'OTHER', 'PUMP', 'TANK'],
, ordered=False, categories_dtype=object): 1, CategoricalDtype(categories=['Routine', 'Scheduled', 'Urgent', 'Immediate'], ordered=True, categories_dtype=object): 1}
2025-07-17 23:51:05,843 - src.features.build_features - INFO -   Missing values: 3053
2025-07-17 23:51:05,851 - src.features.build_features - INFO -   Duplicate rows: 0
